
> marker@0.0.0 start /home/stalins205/Marker
> node ./bin/www

(node:2107) DeprecationWarning: current Server Discovery and Monitoring engine is deprecated, and will be removed in a future version. To use the new Server Discover and Monitoring engine, pass option { useUnifiedTopology: true } to the MongoClient constructor.
Database Connected
[0mGET / [36m304 [0m9.543 ms - -[0m
[0mGET /stylesheets/style.css [36m304 [0m1.356 ms - -[0m
[0mGET / [36m304 [0m1.317 ms - -[0m
[0mGET /stylesheets/style.css [36m304 [0m0.491 ms - -[0m
[0mGET / [36m304 [0m0.768 ms - -[0m
[0mGET /stylesheets/style.css [36m304 [0m0.324 ms - -[0m
[Object: null prototype] { usn: '1', password: '1' }
[0mPOST /studentLogin [32m200 [0m23.210 ms - 85[0m
[Object: null prototype] { usn: '1', password: '1' }
[0mPOST /studentLogin [32m200 [0m2.382 ms - 85[0m
[0mPOST /teacherLogin [32m200 [0m11.410 ms - 72[0m
[0mPOST /teacherLogin [32m200 [0m2.261 ms - 72[0m
{ qr: 'Mathematics subject' }
[0mGET /generateQR/1 [32m200 [0m2.129 ms - 28[0m
{ qr: 'Mathematics subject' }
[0mGET /generateQR/1 [32m200 [0m1.472 ms - 28[0m
{ qr: 'Mathematics subject' }
[0mGET /generateQR/1 [32m200 [0m3.074 ms - 28[0m
{ qr: 'Mathematics subject' }
[0mGET /generateQR/1 [32m200 [0m1.835 ms - 28[0m
[Object: null prototype] { usn: '1', password: '1' }
[0mPOST /studentLogin [32m200 [0m1.759 ms - 85[0m
[Object: null prototype] { usn: '1', password: '1' }
[0mPOST /studentLogin [32m200 [0m1.521 ms - 85[0m
[Object: null prototype] { usn: '1', password: '1' }
[0mPOST /studentLogin [32m200 [0m3.182 ms - 85[0m
[Object: null prototype] { usn: '1', password: '1' }
[0mPOST /studentLogin [32m200 [0m1.220 ms - 85[0m
[0mPOST /login [36m302 [0m53.663 ms - 54[0m
[0mGET /home [36m304 [0m10.527 ms - -[0m
[0mGET /stylesheets/style.css [36m304 [0m0.344 ms - -[0m
[0mPOST /login [32m200 [0m0.494 ms - 14[0m
[0mGET /home [36m304 [0m1.037 ms - -[0m
[0mGET /stylesheets/style.css [36m304 [0m0.312 ms - -[0m
[0mGET / [32m200 [0m0.912 ms - 1135[0m
[0mPOST /goform/webLogin [33m404 [0m2.706 ms - 1219[0m
Error: Failed to lookup view "error" in views directory "/home/stalins205/Marker/views"
    at Function.render (/home/stalins205/Marker/node_modules/express/lib/application.js:580:17)
    at ServerResponse.render (/home/stalins205/Marker/node_modules/express/lib/response.js:1008:7)
    at /home/stalins205/Marker/app.js:255:7
    at Layer.handle_error (/home/stalins205/Marker/node_modules/express/lib/router/layer.js:71:5)
    at trim_prefix (/home/stalins205/Marker/node_modules/express/lib/router/index.js:315:13)
    at /home/stalins205/Marker/node_modules/express/lib/router/index.js:284:7
    at Function.process_params (/home/stalins205/Marker/node_modules/express/lib/router/index.js:335:12)
    at next (/home/stalins205/Marker/node_modules/express/lib/router/index.js:275:10)
    at /home/stalins205/Marker/app.js:244:3
    at Layer.handle [as handle_request] (/home/stalins205/Marker/node_modules/express/lib/router/layer.js:95:5)
[Object: null prototype] { usn: '1', password: '1' }
[0mPOST /studentLogin [32m200 [0m31.964 ms - 85[0m
[Object: null prototype] { usn: '1', password: '1' }
[0mPOST /studentLogin [32m200 [0m1.653 ms - 85[0m
[Object: null prototype] { usn: '1', password: '1' }
[0mPOST /studentLogin [32m200 [0m31.829 ms - 85[0m
[Object: null prototype] { usn: '1', password: '1' }
[0mPOST /studentLogin [32m200 [0m2.248 ms - 85[0m
[Object: null prototype] { usn: '1', password: '1' }
[0mPOST /studentLogin [32m200 [0m31.459 ms - 85[0m
[Object: null prototype] { usn: '1', password: '1' }
[0mPOST /studentLogin [32m200 [0m2.973 ms - 85[0m
[Object: null prototype] { usn: '1', password: '1' }
[0mPOST /studentLogin [32m200 [0m12.635 ms - 85[0m
[Object: null prototype] { usn: '1', password: '1' }
[0mPOST /studentLogin [32m200 [0m1.913 ms - 85[0m
[Object: null prototype] { usn: '1', password: '1' }
[0mPOST /studentLogin [32m200 [0m12.820 ms - 85[0m
[Object: null prototype] { usn: '1', password: '1' }
[0mPOST /studentLogin [32m200 [0m1.939 ms - 85[0m
[0mGET / [36m304 [0m0.720 ms - -[0m
[0mGET /stylesheets/style.css [36m304 [0m0.360 ms - -[0m
[0mGET /favicon.ico [33m404 [0m1.228 ms - 1219[0m
Error: Failed to lookup view "error" in views directory "/home/stalins205/Marker/views"
    at Function.render (/home/stalins205/Marker/node_modules/express/lib/application.js:580:17)
    at ServerResponse.render (/home/stalins205/Marker/node_modules/express/lib/response.js:1008:7)
    at /home/stalins205/Marker/app.js:255:7
    at Layer.handle_error (/home/stalins205/Marker/node_modules/express/lib/router/layer.js:71:5)
    at trim_prefix (/home/stalins205/Marker/node_modules/express/lib/router/index.js:315:13)
    at /home/stalins205/Marker/node_modules/express/lib/router/index.js:284:7
    at Function.process_params (/home/stalins205/Marker/node_modules/express/lib/router/index.js:335:12)
    at next (/home/stalins205/Marker/node_modules/express/lib/router/index.js:275:10)
    at /home/stalins205/Marker/app.js:244:3
    at Layer.handle [as handle_request] (/home/stalins205/Marker/node_modules/express/lib/router/layer.js:95:5)
[Object: null prototype] { usn: '1', password: '1' }
[0mPOST /studentLogin [32m200 [0m29.513 ms - 85[0m
[Object: null prototype] { usn: '1', password: '1' }
[0mPOST /studentLogin [32m200 [0m1.848 ms - 85[0m
[Object: null prototype] { usn: '1', password: '1' }
[0mPOST /studentLogin [32m200 [0m19.901 ms - 85[0m
[Object: null prototype] { usn: '1', password: '1' }
[0mPOST /studentLogin [32m200 [0m1.900 ms - 85[0m
[0mGET /attendence/Scanner.usn/Scanner.id [33m404 [0m2.122 ms - -[0m
[0mGET /attendence/Scanner.usn/Scanner.id [33m404 [0m1.211 ms - -[0m
[0mGET /attendence/Scanner.usn/Scanner.id [33m404 [0m1.243 ms - -[0m
[0mGET /attendence/Scanner.usn/Scanner.id [33m404 [0m1.135 ms - -[0m
[0mGET /attendence/Scanner.usn/Scanner.id [33m404 [0m1.214 ms - -[0m
[0mGET /attendence/Scanner.usn/Scanner.id [33m404 [0m1.217 ms - -[0m
[Object: null prototype] { usn: '1', password: '1' }
[0mPOST /studentLogin [32m200 [0m17.521 ms - 85[0m
[Object: null prototype] { usn: '1', password: '1' }
[0mPOST /studentLogin [32m200 [0m1.889 ms - 85[0m
[0mGET /attendence/Scanner.usn/Scanner.id [33m404 [0m1.239 ms - -[0m
[0mGET /attendence/Scanner.usn/Scanner.id [33m404 [0m1.149 ms - -[0m
[0mGET /attendence/Scanner.usn/Scanner.id [33m404 [0m1.215 ms - -[0m
[0mGET /attendence/Scanner.usn/Scanner.id [33m404 [0m1.311 ms - -[0m
[0mGET /attendence/Scanner.usn/Scanner.id [33m404 [0m1.323 ms - -[0m
[0mGET /attendence/Scanner.usn/Scanner.id [33m404 [0m1.808 ms - -[0m
[0mGET /attendence/Scanner.usn/Scanner.id [33m404 [0m1.195 ms - -[0m
[0mGET /attendence/Scanner.usn/Scanner.id [33m404 [0m1.049 ms - -[0m
[0mGET / [32m200 [0m2.969 ms - 1135[0m
